SF:lib/features/auth/data/repositories/auth_repository_impl.dart
DA:8,1
DA:10,1
DA:12,2
DA:13,1
DA:15,3
DA:16,2
DA:19,1
DA:21,2
DA:22,1
DA:25,1
DA:27,2
LF:11
LH:11
end_of_record
SF:lib/core/utils/result.dart
DA:19,3
DA:28,0
DA:29,0
DA:30,0
DA:32,0
DA:39,3
DA:44,0
DA:45,0
DA:50,3
DA:55,0
DA:56,0
LF:11
LH:3
end_of_record
SF:lib/features/weather/domain/weather.dart
DA:22,1
DA:23,1
DA:35,1
DA:36,1
DA:52,2
DA:59,0
LF:6
LH:5
end_of_record
SF:lib/features/weather/domain/weather.g.dart
DA:9,2
DA:11,1
DA:12,3
DA:13,1
DA:14,1
DA:16,1
DA:18,2
DA:19,1
DA:20,1
DA:22,1
DA:24,0
DA:25,1
DA:26,1
DA:27,1
DA:28,1
DA:31,0
DA:32,0
DA:33,0
DA:34,0
DA:35,0
DA:36,0
DA:37,0
DA:38,0
DA:39,0
DA:40,0
DA:41,0
DA:42,0
DA:45,2
DA:46,1
DA:47,1
DA:48,1
DA:49,1
DA:52,0
DA:53,0
DA:54,0
DA:55,0
DA:56,0
DA:59,2
DA:60,2
DA:61,1
DA:62,1
DA:63,1
DA:64,1
DA:65,1
DA:66,1
DA:67,1
DA:70,0
DA:71,0
DA:72,0
DA:73,0
DA:74,0
DA:75,0
DA:76,0
DA:77,0
DA:78,0
DA:81,0
DA:82,0
DA:83,0
DA:84,0
DA:87,0
DA:88,0
DA:89,0
DA:90,0
LF:63
LH:28
end_of_record
SF:lib/features/weather/data/repositories/weather/weather_repository_impl.dart
DA:9,1
DA:11,1
DA:13,2
DA:15,1
DA:16,3
DA:17,1
DA:18,2
LF:7
LH:7
end_of_record
SF:lib/features/weather/data/repositories/location/location_repository_impl.dart
DA:14,1
DA:19,1
DA:23,1
DA:25,1
DA:27,2
DA:29,1
DA:30,2
DA:31,2
DA:32,1
DA:33,2
DA:37,1
DA:38,2
DA:40,2
DA:44,1
DA:45,2
DA:49,2
LF:16
LH:16
end_of_record
SF:lib/features/weather/data/services/location/geolocator_service.dart
DA:6,0
DA:11,0
DA:13,0
DA:16,0
DA:17,0
DA:18,0
DA:19,0
DA:20,0
DA:24,0
DA:25,0
DA:26,0
DA:32,0
LF:12
LH:0
end_of_record
SF:lib/features/weather/data/services/weather/openweather_service.dart
DA:10,1
DA:12,1
DA:18,2
DA:19,3
DA:21,2
DA:22,2
DA:24,3
DA:26,2
LF:8
LH:8
end_of_record
SF:lib/app/environment/environment.dart
DA:6,0
DA:7,0
DA:9,0
DA:10,0
LF:4
LH:0
end_of_record
